#
# There is insufficient memory for the Java Runtime Environment to continue.
# Native memory allocation (mmap) failed to map 100663296 bytes for Failed to commit area from 0x00000000a1800000 to 0x00000000a7800000 of length 100663296.
# Possible reasons:
#   The system is out of physical RAM or swap space
#   The process is running with CompressedOops enabled, and the Java Heap may be blocking the growth of the native heap
# Possible solutions:
#   Reduce memory load on the system
#   Increase physical memory or swap space
#   Check if swap backing store is full
#   Decrease Java heap size (-Xmx/-Xms)
#   Decrease number of Java threads
#   Decrease Java thread stack sizes (-Xss)
#   Set larger code cache with -XX:ReservedCodeCacheSize=
# This output file may be truncated or incomplete.
#
#  Out of Memory Error (./src/hotspot/os/windows/os_windows.cpp:3386), pid=9396, tid=8304
#
# JRE version:  (11.0.16+8) (build )
# Java VM: OpenJDK 64-Bit Server VM (11.0.16+8, mixed mode, sharing, tiered, compressed oops, g1 gc, windows-amd64)
# No core dump will be written. Minidumps are not enabled by default on client versions of Windows
#

---------------  S U M M A R Y ------------

Command Line: -ea -Didea.test.cyclic.buffer.size=1048576 -javaagent:C:\Program Files\JetBrains\IntelliJ IDEA Community Edition 2022.2.1\lib\idea_rt.jar=51200:C:\Program Files\JetBrains\IntelliJ IDEA Community Edition 2022.2.1\bin -Dfile.encoding=UTF-8 com.intellij.rt.junit.JUnitStarter -ideVersion5 -junit5 SQRServiceTest

Host: Intel(R) Core(TM) i3-5005U CPU @ 2.00GHz, 4 cores, 5G,  Windows 10 , 64 bit Build 19041 (10.0.19041.1889)
Time: Sun Oct  2 20:36:26 2022 RTZ 4 (s 10 , 64 bit Build 19041 (10.0.19041.1889) elapsed time: 0.032687 seconds (0d 0h 0m 0s)

---------------  T H R E A D  ---------------

Current thread (0x0000028c04658800):  JavaThread "Unknown thread" [_thread_in_vm, id=8304, stack(0x000000a06b600000,0x000000a06b700000)]

Stack: [0x000000a06b600000,0x000000a06b700000]
Native frames: (J=compiled Java code, j=interpreted, Vv=VM code, C=native code)
V  [jvm.dll+0x61f1da]
V  [jvm.dll+0x7abc69]
V  [jvm.dll+0x7ad358]
V  [jvm.dll+0x7ada33]
V  [jvm.dll+0x24fb08]
V  [jvm.dll+0x61c4ea]
V  [jvm.dll+0x610c95]
V  [jvm.dll+0x307a2c]
V  [jvm.dll+0x3078b2]
V  [jvm.dll+0x30c5c6]
V  [jvm.dll+0x352b8f]
V  [jvm.dll+0x3525c0]
V  [jvm.dll+0x2e4a28]
V  [jvm.dll+0x2e5b86]
V  [jvm.dll+0x785ab7]
V  [jvm.dll+0x78723f]
V  [jvm.dll+0x35f8d9]
V  [jvm.dll+0x768950]
V  [jvm.dll+0x3cd3ff]
V  [jvm.dll+0x3cf791]
C  [jli.dll+0x5207]
C  [ucrtbase.dll+0x21bb2]
C  [KERNEL32.DLL+0x17034]
C  [ntdll.dll+0x526a1]


---------------  P R O C E S S  ---------------

Threads class SMR info:
_java_thread_list=0x0000028c02d91130, length=0, elements={
}

Java Threads: ( => current thread )

Other Threads:
  0x0000028c04671000 GCTaskThread "GC Thread#0" [stack: 0x000000a06b700000,0x000000a06b800000] [id=8928]
  0x0000028c04696000 ConcurrentGCThread "G1 Main Marker" [stack: 0x000000a06b800000,0x000000a06b900000] [id=1076]
  0x0000028c04698800 ConcurrentGCThread "G1 Conc#0" [stack: 0x000000a06b900000,0x000000a06ba00000] [id=8036]

[error occurred during error reporting (printing all threads), id 0xc0000005, EXCEPTION_ACCESS_VIOLATION (0xc0000005) at pc=0x00007ffa5fe541f7]

VM state:not at safepoint (not fully initialized)

VM Mutex/Monitor currently owned by a thread:  ([mutex/lock_event])
[0x0000028c04654a90] Heap_lock - owner thread: 0x0000028c04658800

Heap address: 0x00000000a1800000, size: 1512 MB, Compressed Oops mode: Non-zero based: 0x00000000a1800000
Narrow klass base: 0x0000000000000000, Narrow klass shift: 0

GC Heap History (0 events):
No events

Deoptimization events (0 events):
No events

Classes redefined (0 events):
No events

Internal exceptions (0 events):
No events

Events (1 events):
Event: 0.020 Loaded shared library C:\Program Files\Eclipse Adoptium\jdk-11.0.16.8-hotspot\bin\zip.dll


Dynamic libraries:
0x00007ff7c0940000 - 0x00007ff7c094d000 	C:\Program Files\Eclipse Adoptium\jdk-11.0.16.8-hotspot\bin\java.exe
0x00007ffab59d0000 - 0x00007ffab5bc8000 	C:\WINDOWS\SYSTEM32\ntdll.dll
0x00007ffab5200000 - 0x00007ffab52bd000 	C:\WINDOWS\System32\KERNEL32.DLL
0x00007ffab34e0000 - 0x00007ffab37ae000 	C:\WINDOWS\System32\KERNELBASE.dll
0x00007ffab38c0000 - 0x00007ffab39c0000 	C:\WINDOWS\System32\ucrtbase.dll
0x00007ffa9cdd0000 - 0x00007ffa9cde5000 	C:\Program Files\Eclipse Adoptium\jdk-11.0.16.8-hotspot\bin\VCRUNTIME140.dll
0x00007ffa9ece0000 - 0x00007ffa9ecf7000 	C:\Program Files\Eclipse Adoptium\jdk-11.0.16.8-hotspot\bin\jli.dll
0x00007ffab3a30000 - 0x00007ffab3bd0000 	C:\WINDOWS\System32\USER32.dll
0x00007ffab30f0000 - 0x00007ffab3112000 	C:\WINDOWS\System32\win32u.dll
0x00007ffaa5200000 - 0x00007ffaa549a000 	C:\WINDOWS\WinSxS\amd64_microsoft.windows.common-controls_6595b64144ccf1df_6.0.19041.1110_none_60b5254171f9507e\COMCTL32.dll
0x00007ffab40c0000 - 0x00007ffab415e000 	C:\WINDOWS\System32\msvcrt.dll
0x00007ffab3ed0000 - 0x00007ffab3efa000 	C:\WINDOWS\System32\GDI32.dll
0x00007ffab37b0000 - 0x00007ffab38bb000 	C:\WINDOWS\System32\gdi32full.dll
0x00007ffab3120000 - 0x00007ffab31bd000 	C:\WINDOWS\System32\msvcp_win.dll
0x00007ffab3cf0000 - 0x00007ffab3d20000 	C:\WINDOWS\System32\IMM32.DLL
0x00007ffa78d40000 - 0x00007ffa78ddb000 	C:\Program Files\Eclipse Adoptium\jdk-11.0.16.8-hotspot\bin\msvcp140.dll
0x00007ffa5fb60000 - 0x00007ffa606e2000 	C:\Program Files\Eclipse Adoptium\jdk-11.0.16.8-hotspot\bin\server\jvm.dll
0x00007ffab4700000 - 0x00007ffab47ae000 	C:\WINDOWS\System32\ADVAPI32.dll
0x00007ffab4ff0000 - 0x00007ffab508c000 	C:\WINDOWS\System32\sechost.dll
0x00007ffab5630000 - 0x00007ffab5755000 	C:\WINDOWS\System32\RPCRT4.dll
0x00007ffab58b0000 - 0x00007ffab58b8000 	C:\WINDOWS\System32\PSAPI.DLL
0x00007ffa9fa60000 - 0x00007ffa9fa69000 	C:\WINDOWS\SYSTEM32\WSOCK32.dll
0x00007ffaa85f0000 - 0x00007ffaa8617000 	C:\WINDOWS\SYSTEM32\WINMM.dll
0x00007ffab4f80000 - 0x00007ffab4feb000 	C:\WINDOWS\System32\WS2_32.dll
0x00007ffaaa900000 - 0x00007ffaaa90a000 	C:\WINDOWS\SYSTEM32\VERSION.dll
0x00007ffab1970000 - 0x00007ffab1982000 	C:\WINDOWS\SYSTEM32\kernel.appcore.dll
0x00007ffa9cdc0000 - 0x00007ffa9cdd0000 	C:\Program Files\Eclipse Adoptium\jdk-11.0.16.8-hotspot\bin\verify.dll
0x00007ffab0ee0000 - 0x00007ffab10c4000 	C:\WINDOWS\SYSTEM32\DBGHELP.DLL
0x00007ffaa4280000 - 0x00007ffaa42ac000 	C:\WINDOWS\SYSTEM32\dbgcore.DLL
0x00007ffab31c0000 - 0x00007ffab3242000 	C:\WINDOWS\System32\bcryptPrimitives.dll
0x00007ffa94760000 - 0x00007ffa94788000 	C:\Program Files\Eclipse Adoptium\jdk-11.0.16.8-hotspot\bin\java.dll
0x00007ffa94280000 - 0x00007ffa9428a000 	C:\Program Files\Eclipse Adoptium\jdk-11.0.16.8-hotspot\bin\jimage.dll
0x00007ffaae4f0000 - 0x00007ffaae4fe000 	C:\Program Files\Eclipse Adoptium\jdk-11.0.16.8-hotspot\bin\instrument.dll
0x00007ffa93490000 - 0x00007ffa934a8000 	C:\Program Files\Eclipse Adoptium\jdk-11.0.16.8-hotspot\bin\zip.dll

dbghelp: loaded successfully - version: 4.0.5 - missing functions: none
symbol engine: initialized successfully - sym options: 0x614 - pdb path: .;C:\Program Files\Eclipse Adoptium\jdk-11.0.16.8-hotspot\bin;C:\WINDOWS\SYSTEM32;C:\WINDOWS\WinSxS\amd64_microsoft.windows.common-controls_6595b64144ccf1df_6.0.19041.1110_none_60b5254171f9507e;C:\Program Files\Eclipse Adoptium\jdk-11.0.16.8-hotspot\bin\server

VM Arguments:
jvm_args: -ea -Didea.test.cyclic.buffer.size=1048576 -javaagent:C:\Program Files\JetBrains\IntelliJ IDEA Community Edition 2022.2.1\lib\idea_rt.jar=51200:C:\Program Files\JetBrains\IntelliJ IDEA Community Edition 2022.2.1\bin -Dfile.encoding=UTF-8 
java_command: com.intellij.rt.junit.JUnitStarter -ideVersion5 -junit5 SQRServiceTest
java_class_path (initial): C:\Users\\.m2\repository\org\junit\platform\junit-platform-launcher\1.7.0\junit-platform-launcher-1.7.0.jar;C:\Program Files\JetBrains\IntelliJ IDEA Community Edition 2022.2.1\lib\idea_rt.jar;C:\Program Files\JetBrains\IntelliJ IDEA Community Edition 2022.2.1\plugins\junit\lib\junit5-rt.jar;C:\Program Files\JetBrains\IntelliJ IDEA Community Edition 2022.2.1\plugins\junit\lib\junit-rt.jar;C:\Users\\IdeaProjects\SQRT\target\test-classes;C:\Users\\IdeaProjects\SQRT\target\classes;C:\Users\\.m2\repository\org\junit\jupiter\junit-jupiter\5.7.0\junit-jupiter-5.7.0.jar;C:\Users\\.m2\repository\org\junit\jupiter\junit-jupiter-api\5.7.0\junit-jupiter-api-5.7.0.jar;C:\Users\\.m2\repository\org\apiguardian\apiguardian-api\1.1.0\apiguardian-api-1.1.0.jar;C:\Users\\.m2\repository\org\opentest4j\opentest4j\1.2.0\opentest4j-1.2.0.jar;C:\Users\\.m2\repository\org\junit\platform\junit-platform-commons\1.7.0\junit-platform-commons-1.7.0.jar;C:\Users\\.m2\repository\org\junit\jupiter\junit-jupiter-params\5.7.0\junit-jupiter-params-5.7.0.jar;C:\Users\\.m2\repository\org\junit\jupiter\junit-jupiter-engine\5.7.0\junit-jupiter-engine-5.7.0.jar;C:\Users\\.m2\repository\org\junit\platform\junit-platform-engine\1.7.0\junit-platform-engine-1.7.0.jar;C:\Users\\.m2\repository\org\testng\testng\7.6.1\testng-7.6.1.jar;C:\Users\\.m2\repository\com\google\code\findbugs\jsr305\3.0.2\jsr305-3.0.2.jar;C:\Users\\.m2\repository\org\slf4j\slf4j-api\1.7.36\slf4j-api-1.7.36.jar;C:\Users\\.m2\repository\com\beust\jcommander\1.82\jcommander-1.82.jar;C:\Users\\.m2\repository\org\webjars\jquery\3.6.0\jquery-3.6.0.jar
Launcher Type: SUN_STANDARD

[Global flags]
     intx CICompilerCount                          = 3                                         {product} {ergonomic}
     uint ConcGCThreads                            = 1                                         {product} {ergonomic}
     uint G1ConcRefinementThreads                  = 4                                         {product} {ergonomic}
   size_t G1HeapRegionSize                         = 1048576                                   {product} {ergonomic}
    uintx GCDrainStackTargetSize                   = 64                                        {product} {ergonomic}
   size_t InitialHeapSize                          = 100663296                                 {product} {ergonomic}
   size_t MarkStackSize                            = 4194304                                   {product} {ergonomic}
   size_t MaxHeapSize                              = 1585446912                                {product} {ergonomic}
   size_t MinHeapDeltaBytes                        = 1048576                                   {product} {ergonomic}
    uintx NonNMethodCodeHeapSize                   = 5830732                                {pd product} {ergonomic}
    uintx NonProfiledCodeHeapSize                  = 122913754                              {pd product} {ergonomic}
    uintx ProfiledCodeHeapSize                     = 122913754                              {pd product} {ergonomic}
    uintx ReservedCodeCacheSize                    = 251658240                              {pd product} {ergonomic}
     bool SegmentedCodeCache                       = true                                      {product} {ergonomic}
     bool UseCompressedClassPointers               = true                                 {lp64_product} {ergonomic}
     bool UseCompressedOops                        = true                                 {lp64_product} {ergonomic}
     bool UseG1GC                                  = true                                      {product} {ergonomic}
     bool UseLargePagesIndividualAllocation        = false                                  {pd product} {ergonomic}

Logging:
Log output configuration:
 #0: stdout all=warning uptime,level,tags
 #1: stderr all=off uptime,level,tags

Environment Variables:
PATH=C:\Program Files\Eclipse Adoptium\jdk-11.0.16.8-hotspot\bin;C:\WINDOWS\system32;C:\WINDOWS;C:\WINDOWS\System32\Wbem;C:\WINDOWS\System32\WindowsPowerShell\v1.0\;C:\WINDOWS\System32\OpenSSH\;C:\Program Files\Git\cmd;C:\Users\\AppData\Local\Microsoft\WindowsApps;;D:\Microsoft VS Code\bin
USERNAME=
OS=Windows_NT
PROCESSOR_IDENTIFIER=Intel64 Family 6 Model 61 Stepping 4, GenuineIntel
TMP=C:\Users\\AppData\Local\Temp
TEMP=C:\Users\\AppData\Local\Temp



---------------  S Y S T E M  ---------------

OS: Windows 10 , 64 bit Build 19041 (10.0.19041.1889)
OS uptime: 0 days 1:18 hours

CPU:total 4 (initial active 4) (2 cores per cpu, 2 threads per core) family 6 model 61 stepping 4 microcode 0x2d, cmov, cx8, fxsr, mmx, sse, sse2, sse3, ssse3, sse4.1, sse4.2, popcnt, avx, avx2, aes, clmul, erms, 3dnowpref, lzcnt, ht, tsc, tscinvbit, bmi1, bmi2, adx, fma

Memory: 4k page, system-wide physical 6043M (759M free)
TotalPageFile size 6043M (AvailPageFile size 82M)
current process WorkingSet (physical memory assigned to process): 9M, peak: 9M
current process commit charge ("private bytes"): 51M, peak: 147M

vm_info: OpenJDK 64-Bit Server VM (11.0.16+8) for windows-amd64 JRE (11.0.16+8), built on Jul 20 2022 07:15:32 by "" with MS VC++ 15.9 (VS2017)

END.
